        -:    0:Source:test_factorial.cpp
        -:    1:#define CATCH_CONFIG_MAIN  // This tells Catch to provide a main() - only do this in one cpp file
        -:    2:#include "catch2/catch_test_macros.hpp"
        -:    3:
        -:    4:#include "factorial.h"
        -:    5:
        1:    6:TEST_CASE( "Factorials are computed", "factorial" ) {
        1:    7:    REQUIRE( factorial(1) == 1 );
        1:    8:    REQUIRE( factorial(2) == 2 );
        1:    9:    REQUIRE( factorial(3) == 6 );
        1:   10:    REQUIRE( factorial(10) == 3628800 );
        1:   11:    REQUIRE( factorial(0) == 1 );
        1:   12:    REQUIRE( factorial(-1) == -1 );
        1:   13:    REQUIRE( factorial(-2) == -1 );
        1:   14:    REQUIRE( factorial(20) == 2432902008176640000 );
        -:   15:    //REQUIRE( factorial(50) == 30414093201713378043612608166064768844377641568960512000000000000L );
        1:   16:}
